<?xml version="1.0" encoding="UTF-8"?>
<!-- Generated by org.testng.reporters.JUnitXMLReporter -->
<testsuite ignored="0" hostname="DESKTOP-R63P8RC" failures="0" tests="3" name="Default test" time="104.532" errors="0" timestamp="17 Oct 2020 06:40:44 GMT">
  <testcase classname="com.w2a.testcase.INITSNG" name="AboutUs" time="30.382"/>
  <testcase classname="com.w2a.testcase.INITSNG" name="JoinTheTeam" time="31.247"/>
  <testcase classname="com.w2a.testcase.INITSNG" name="ContactUS" time="42.876"/>
</testsuite> <!-- Default test -->
